[33m[nodemon] 1.18.10[39m
[33m[nodemon] to restart at any time, enter `rs`[39m
[33m[nodemon] watching: *.*[39m
[32m[nodemon] starting `node server.js`[39m
Server is running on 3000
2019-09-01T10:48:43.430Z
2019-09-01T10:48:45.429Z
2019-09-01T10:48:47.429Z
2019-09-01T10:48:49.430Z
2019-09-01T10:48:51.430Z
2019-09-01T10:48:53.430Z
2019-09-01T10:48:55.430Z
2019-09-01T10:48:57.431Z
2019-09-01T10:48:59.432Z
2019-09-01T10:49:01.432Z
2019-09-01T10:49:03.432Z
2019-09-01T10:49:05.433Z
2019-09-01T10:49:07.432Z
2019-09-01T10:49:09.432Z
2019-09-01T10:49:11.433Z
2019-09-01T10:49:13.433Z
2019-09-01T10:49:15.433Z
2019-09-01T10:49:17.433Z
2019-09-01T10:49:19.434Z
